<?xml version="1.0" encoding="UTF-8"?>
<!-- Generated by org.testng.reporters.JUnitReportReporter -->
<testsuite hostname="DESKTOP-DIKKQBV" failures="0" tests="4" name="api.test.DDTests2" time="6.414" errors="0" timestamp="2024-08-07T17:33:49 EEST" skipped="0">
  <testcase classname="api.test.DDTests2" name="testPostUser" time="0.717"/>
  <system-out/>
  <testcase classname="api.test.DDTests2" name="testPostUser" time="4.279"/>
  <system-out/>
  <testcase classname="api.test.DDTests2" name="deleteUser" time="0.717"/>
  <system-out/>
  <testcase classname="api.test.DDTests2" name="deleteUser" time="0.701"/>
  <system-out/>
</testsuite> <!-- api.test.DDTests2 -->
